Copyright 1986-2018 Xilinx, Inc. All Rights Reserved.
------------------------------------------------------------------------------------
| Tool Version : Vivado v.2018.3 (win64) Build 2405991 Thu Dec  6 23:38:27 MST 2018
| Date         : Sun Nov 10 18:21:55 2019
| Host         : LAPTOP-H1EJ96B1 running 64-bit major release  (build 9200)
| Command      : upgrade_ip
| Device       : xc7s25ftgb196-1
------------------------------------------------------------------------------------

Upgrade Log for IP 'video_pll'

1. Summary
----------

SUCCESS in the conversion of video_pll (xilinx.com:ip:clk_wiz:6.0 (Rev. 2)) to Vivado generation flows.






Copyright 1986-2018 Xilinx, Inc. All Rights Reserved.
------------------------------------------------------------------------------------
| Tool Version : Vivado v.2018.3 (win64) Build 2405991 Thu Dec  6 23:38:27 MST 2018
| Date         : Sun Nov 10 18:21:52 2019
| Host         : LAPTOP-H1EJ96B1 running 64-bit major release  (build 9200)
| Command      : upgrade_ip
| Device       : xc7s25ftgb196-1
------------------------------------------------------------------------------------

Upgrade Log for IP 'hdmi_disp'

1. Summary
----------

SUCCESS in the conversion of hdmi_disp (xilinx.com:user:hdmi_disp:1.0 (Rev. 1)) to Vivado generation flows.






Copyright 1986-2018 Xilinx, Inc. All Rights Reserved.
------------------------------------------------------------------------------------
| Tool Version : Vivado v.2018.3 (win64) Build 2405991 Thu Dec  6 23:38:27 MST 2018
| Date         : Sun Nov 10 18:21:51 2019
| Host         : LAPTOP-H1EJ96B1 running 64-bit major release  (build 9200)
| Command      : upgrade_ip
| Device       : xc7s25ftgb196-1
------------------------------------------------------------------------------------

Upgrade Log for IP 'clk_wiz_0'

1. Summary
----------

SUCCESS in the conversion of clk_wiz_0 (xilinx.com:ip:clk_wiz:6.0 (Rev. 2)) to Vivado generation flows.






Copyright 1986-2018 Xilinx, Inc. All Rights Reserved.
------------------------------------------------------------------------------------
| Tool Version : Vivado v.2018.3 (win64) Build 2405991 Thu Dec  6 23:38:27 MST 2018
| Date         : Sun Nov 10 09:52:10 2019
| Host         : LAPTOP-H1EJ96B1 running 64-bit major release  (build 9200)
| Command      : upgrade_ip
| Device       : xc7k325tffg900-2
------------------------------------------------------------------------------------

Upgrade Log for IP 'video_pll'

1. Summary
----------

SUCCESS in the upgrade of video_pll (xilinx.com:ip:clk_wiz:6.0) from (Rev. 1) to (Rev. 2)






Copyright 1986-2018 Xilinx, Inc. All Rights Reserved.
------------------------------------------------------------------------------------
| Tool Version : Vivado v.2018.3 (win64) Build 2405991 Thu Dec  6 23:38:27 MST 2018
| Date         : Sun Nov 10 09:52:06 2019
| Host         : LAPTOP-H1EJ96B1 running 64-bit major release  (build 9200)
| Command      : upgrade_ip
| Device       : xc7k325tffg900-2
------------------------------------------------------------------------------------

Upgrade Log for IP 'clk_wiz_0'

1. Summary
----------

SUCCESS in the upgrade of clk_wiz_0 (xilinx.com:ip:clk_wiz:6.0) from (Rev. 1) to (Rev. 2)






Copyright 1986-2018 Xilinx, Inc. All Rights Reserved.
------------------------------------------------------------------------------------
| Tool Version : Vivado v.2018.2 (win64) Build 2258646 Thu Jun 14 20:03:12 MDT 2018
| Date         : Mon Nov  5 12:51:28 2018
| Host         : PC_Dai running 64-bit major release  (build 9200)
| Command      : upgrade_ip
| Device       : xc7z020clg400-1
------------------------------------------------------------------------------------

Upgrade Log for IP 'video_pll'

1. Summary
----------

SUCCESS in the conversion of video_pll (xilinx.com:ip:clk_wiz:6.0 (Rev. 1)) to Vivado generation flows.






Copyright 1986-2018 Xilinx, Inc. All Rights Reserved.
------------------------------------------------------------------------------------
| Tool Version : Vivado v.2018.2 (win64) Build 2258646 Thu Jun 14 20:03:12 MDT 2018
| Date         : Mon Nov  5 12:28:38 2018
| Host         : PC_Dai running 64-bit major release  (build 9200)
| Command      : upgrade_ip
| Device       : xc7z010clg400-1
------------------------------------------------------------------------------------

Upgrade Log for IP 'video_pll'

1. Summary
----------

SUCCESS in the upgrade of video_pll from xilinx.com:ip:clk_wiz:5.4 (Rev. 2) to xilinx.com:ip:clk_wiz:6.0 (Rev. 1)

