Copyright 1986-2018 Xilinx, Inc. All Rights Reserved.
----------------------------------------------------------------------------------------------------------------------------------------------------------------------
| Tool Version     : Vivado v.2018.3 (win64) Build 2405991 Thu Dec  6 23:38:27 MST 2018
| Date             : Sun Nov 10 18:37:14 2019
| Host             : LAPTOP-H1EJ96B1 running 64-bit major release  (build 9200)
| Command          : report_power -file HDMI_Output_Disp_power_routed.rpt -pb HDMI_Output_Disp_power_summary_routed.pb -rpx HDMI_Output_Disp_power_routed.rpx
| Design           : HDMI_Output_Disp
| Device           : xc7s25ftgb196-1
| Design State     : routed
| Grade            : commercial
| Process          : typical
| Characterization : Production
----------------------------------------------------------------------------------------------------------------------------------------------------------------------

Power Report

Table of Contents
-----------------
1. Summary
1.1 On-Chip Components
1.2 Power Supply Summary
1.3 Confidence Level
2. Settings
2.1 Environment
2.2 Clock Constraints
3. Detailed Reports
3.1 By Hierarchy

1. Summary
----------

+--------------------------+--------------+
| Total On-Chip Power (W)  | 0.524        |
| Design Power Budget (W)  | Unspecified* |
| Power Budget Margin (W)  | NA           |
| Dynamic (W)              | 0.462        |
| Device Static (W)        | 0.061        |
| Effective TJA (C/W)      | 3.3          |
| Max Ambient (C)          | 83.3         |
| Junction Temperature (C) | 26.7         |
| Confidence Level         | Medium       |
| Setting File             | ---          |
| Simulation Activity File | ---          |
| Design Nets Matched      | NA           |
+--------------------------+--------------+
* Specify Design Power Budget using, set_operating_conditions -design_power_budget <value in Watts>


1.1 On-Chip Components
----------------------

+----------------+-----------+----------+-----------+-----------------+
| On-Chip        | Power (W) | Used     | Available | Utilization (%) |
+----------------+-----------+----------+-----------+-----------------+
| Clocks         |     0.006 |       16 |       --- |             --- |
| Slice Logic    |    <0.001 |      437 |       --- |             --- |
|   LUT as Logic |    <0.001 |      175 |     14600 |            1.20 |
|   Register     |    <0.001 |      179 |     29200 |            0.61 |
|   CARRY4       |    <0.001 |        9 |      3650 |            0.25 |
|   Others       |     0.000 |       37 |       --- |             --- |
| Signals        |     0.001 |      330 |       --- |             --- |
| MMCM           |     0.312 |        3 |         3 |          100.00 |
| I/O            |     0.143 |        9 |       100 |            9.00 |
| Static Power   |     0.061 |          |           |                 |
| Total          |     0.524 |          |           |                 |
+----------------+-----------+----------+-----------+-----------------+


1.2 Power Supply Summary
------------------------

+-----------+-------------+-----------+-------------+------------+
| Source    | Voltage (V) | Total (A) | Dynamic (A) | Static (A) |
+-----------+-------------+-----------+-------------+------------+
| Vccint    |       1.000 |     0.019 |       0.014 |      0.005 |
| Vccaux    |       1.800 |     0.182 |       0.172 |      0.009 |
| Vcco33    |       3.300 |     0.043 |       0.042 |      0.001 |
| Vcco25    |       2.500 |     0.000 |       0.000 |      0.000 |
| Vcco18    |       1.800 |     0.000 |       0.000 |      0.000 |
| Vcco15    |       1.500 |     0.000 |       0.000 |      0.000 |
| Vcco135   |       1.350 |     0.000 |       0.000 |      0.000 |
| Vcco12    |       1.200 |     0.000 |       0.000 |      0.000 |
| Vccaux_io |       1.800 |     0.000 |       0.000 |      0.000 |
| Vccbram   |       1.000 |     0.000 |       0.000 |      0.000 |
| Vccadc    |       1.800 |     0.020 |       0.000 |      0.020 |
+-----------+-------------+-----------+-------------+------------+


1.3 Confidence Level
--------------------

+-----------------------------+------------+------------------------------------------------+------------------------------------------------------------------------------------------------------------+
| User Input Data             | Confidence | Details                                        | Action                                                                                                     |
+-----------------------------+------------+------------------------------------------------+------------------------------------------------------------------------------------------------------------+
| Design implementation state | High       | Design is routed                               |                                                                                                            |
| Clock nodes activity        | High       | User specified more than 95% of clocks         |                                                                                                            |
| I/O nodes activity          | High       | User specified more than 95% of inputs         |                                                                                                            |
| Internal nodes activity     | Medium     | User specified less than 25% of internal nodes | Provide missing internal nodes activity with simulation results or by editing the "By Resource Type" views |
| Device models               | High       | Device models are Production                   |                                                                                                            |
|                             |            |                                                |                                                                                                            |
| Overall confidence level    | Medium     |                                                |                                                                                                            |
+-----------------------------+------------+------------------------------------------------+------------------------------------------------------------------------------------------------------------+


2. Settings
-----------

2.1 Environment
---------------

+-----------------------+--------------------------+
| Ambient Temp (C)      | 25.0                     |
| ThetaJA (C/W)         | 3.3                      |
| Airflow (LFM)         | 250                      |
| Heat Sink             | medium (Medium Profile)  |
| ThetaSA (C/W)         | 15.4                     |
| Board Selection       | medium (10"x10")         |
| # of Board Layers     | 12to15 (12 to 15 Layers) |
| Board Temperature (C) | 25.0                     |
+-----------------------+--------------------------+


2.2 Clock Constraints
---------------------

+----------------------+--------------------------------------------------------+-----------------+
| Clock                | Domain                                                 | Constraint (ns) |
+----------------------+--------------------------------------------------------+-----------------+
| CLKFBIN              | hdmi_disp_inst/U0/ClockGenInternal.ClockGenX/CLKFBIN   |             6.1 |
| PixelClkIO           | hdmi_disp_inst/U0/ClockGenInternal.ClockGenX/PixelClk  |             6.1 |
| SerialClkIO          | hdmi_disp_inst/U0/ClockGenInternal.ClockGenX/SerialClk |             1.2 |
| clk_out1_clk_wiz_0   | clk125m/inst/clk_out1                                  |             8.0 |
| clk_out1_clk_wiz_0   | clk125m/inst/clk_out1_clk_wiz_0                        |             8.0 |
| clk_out1_clk_wiz_0_1 | clk125m/inst/clk_out1                                  |             8.0 |
| clk_out1_clk_wiz_0_1 | clk125m/inst/clk_out1_clk_wiz_0                        |             8.0 |
| clk_out1_video_pll   | video_pll_inst/inst/clk_out1                           |            13.5 |
| clk_out1_video_pll   | video_pll_inst/inst/clk_out1_video_pll                 |            13.5 |
| clkfbout_clk_wiz_0   | clk125m/inst/clkfbout_clk_wiz_0                        |            10.0 |
| clkfbout_clk_wiz_0_1 | clk125m/inst/clkfbout_clk_wiz_0                        |            10.0 |
| clkfbout_video_pll   | video_pll_inst/inst/clkfbout_video_pll                 |            56.0 |
| sys_clk_pin          | sysclk                                                 |            10.0 |
| sysclk               | sysclk                                                 |            10.0 |
+----------------------+--------------------------------------------------------+-----------------+


3. Detailed Reports
-------------------

3.1 By Hierarchy
----------------

+--------------------------------------+-----------+
| Name                                 | Power (W) |
+--------------------------------------+-----------+
| HDMI_Output_Disp                     |     0.462 |
|   clk125m                            |     0.106 |
|     inst                             |     0.106 |
|   hdmi_disp_inst                     |     0.225 |
|     U0                               |     0.225 |
|       ClockGenInternal.ClockGenX     |     0.077 |
|       ClockSerializer                |     0.034 |
|       DataEncoders[0].DataSerializer |     0.037 |
|       DataEncoders[1].DataSerializer |     0.038 |
|       DataEncoders[2].DataSerializer |     0.038 |
|   video_pll_inst                     |     0.130 |
|     inst                             |     0.130 |
+--------------------------------------+-----------+


